[sarkoxed@RedTower cryptoctf2024]$ python solve1.py
 49%|███████████████████████████████████████████████████████▎                       49%|███████████████████████████████████████████████████████▍                       50%|███████████████████████████████████████████████████████▍                       50%|███████████████████████████████████████████████████████▌                       50%|███████████████████████████████████████████████████████▋                       50%|███████████████████████████████████████████████████████▊                       50%|███████████████████████████████████████████████████████▊                       50%|███████████████████████████████████████████████████████▉                       50%|████████████████████████████████████████████████████████                       50%|████████████████████████████████████████████████████████                       50%|████████████████████████████████████████████████████████▏                      50%|████████████████████████████████████████████████████████▎                      50%|████████████████████████████████████████████████████████▎                      50%|████████████████████████████████████████████████████████▍                      50%|████████████████████████████████████████████████████████▌                      51%|████████████████████████████████████████████████████████▌                      51%|████████████████████████████████████████████████████████▋                      51%|████████████████████████████████████████████████████████▊                      51%|████████████████████████████████████████████████████████▊                      51%|████████████████████████████████████████████████████████▉                      51%|█████████████████████████████████████████████████████████                      51%|█████████████████████████████████████████████████████████                      51%|█████████████████████████████████████████████████████████▏                     51%|█████████████████████████████████████████████████████████▎                     51%|█████████████████████████████████████████████████████████▎                     51%|█████████████████████████████████████████████████████████▍                     51%|█████████████████████████████████████████████████████████▌                     51%|█████████████████████████████████████████████████████████▌                     52%|█████████████████████████████████████████████████████████▋                     52%|█████████████████████████████████████████████████████████▊                     52%|█████████████████████████████████████████████████████████▊                     52%|█████████████████████████████████████████████████████████▉                     52%|██████████████████████████████████████████████████████████                                                      | 51817770/100000000 [01:09<01:04, 748817.3 52%|██████████████████████████████████████████████████████████                          52%|██████████████████████████████████████████████████████████▏                         52%|██████████████████████████████████████████████████████████▎                         52%|██████████████████████████████████████████████████████████▎                         52%|██████████████████████████████████████████████████████████▍                                             52%|██████████████████████████████████████████████████████████▌                                                     | 52267563/100000000 [01:09 52%|██████████████████████████████████████████████████████████▌         52%|██████████████████████████████████████████████████████████▋                                  52%|██████████████████████████████████████████████████████████▊                                  53%|██████████████████████████████████████████████████████████▊                                  53%|██████████████████████████████████████████████████████████▉  53%|███████████████████████████████████████████████████████████                                                     | 52717237/100000000 [01: 53%|███████████████████████████████████████████████████████████▏                                         53%|███████████████████████████████████████████████████████████▏                                         53%|███████████████████████████████████████████████████████████▎                                         53%|███████████████████████████████████████████████████████████▍                                         53%|███████████████████████████████████████████████████████████▍                                         53%|███████████████████████████████████████████████████████████▌                                         53%|███████████████████████████████████████████████████████████▋                                         53%|███████████████████████████████████████████████████████████▋                                         53%|███████████████████████████████████████████████████████████▊                                         53%|███████████████████████████████████████████████████████████▉                                         54%|███████████████████████████████████████████████████████████▉                                         54%|████████████████████████████████████████████████████████████                                         54%|████████████████████████████████████████████████████████████▏                                        54%|████████████████████████████████████████████████████████████▏                                        54%|████████████████████████████████████████████████████████████▎                                        54%|████████████████████████████████████████████████████████████▍                                        54%|████████████████████████████████████████████████████████████▍                                        54%|██████████████████████████████ 59%|██████████████████████████████████████████████████████████████████▎                                             | 59153831/100000000 [01:19<00:54, 744631.89it/s]
 59%|██████████████████████████████████████████████████████████████████▌                                             | 59451319/100000000 [01:19<00:54, 742401.45it/s]
 60%|██████████████████████████████████████████████████████████████████▋                                             | 59525670/100000000 [01:19<00:54, 742728.92it/s]
 60%|██████████████████████████████████████████████████████████████████▊                                             | 59674503/100000000 [01:19<00:54, 743485.97it/s]
 60%|███████████████████████████████████████████████████████████████████▎                                            | 60045098/100000000 [01:20<00:54, 738468.18it/s]
 98%|█████████████████████████████████████████████████████████████████████████████████████████████████████████████▉  | 98182656/100000000 [02:12<00:02, 743202.46it/s]
100%|████████████████████████████████████████████████████████████████████████████████████████████████████████████████| 12272833/12272833 [00:03<00:00, 3157144.02it/s]
 83%|██████████████████████████████████████████████████████████████████████████████████████████████▎                  | 10242396/12272833 [2:15:32<26:52, 1259.40it/s]
Traceback (most recent call last):
  File "/usr/lib/python3.12/site-packages/sage/schemes/elliptic_curves/ell_point.py", line 3848, in _acted_upon_
    pariQ = pari.ellmul(E, self, k)
            ^^^^^^^^^^^^^^^^^^^^^^^
  File "cypari2/auto_instance.pxi", line 9431, in cypari2.pari_instance.Pari_auto.ellmul
  File "cypari2/handle_error.pyx", line 211, in cypari2.handle_error._pari_err_handle
cypari2.handle_error.PariError: impossible inverse in Fp_inv: Mod(30126567747372029007183424263223733382328264316268541293679065617875255137317, 1846015660040154116831101677935731707303583319663256520946194832443059845383265967606382443176439867135351202904588407039443283680086981350429332914636635325121016081809085910600024068461413790906246868559)

During handling of the above exception, another exception occurred:

Traceback (most recent call last):
  File "/home/sarkoxed/CTF/cryptoctf2024/solve1.py", line 53, in <module>
    G *= p_
  File "/usr/lib/python3.12/site-packages/sage/schemes/generic/morphism.py", line 397, in __mul__
    return coercion_model.bin_op(self, right, operator.mul)
           ^^^^^^^^^^^^^^^^^^^^^^^^^^^^^^^^^^^^^^^^^^^^^^^^
  File "sage/structure/coerce.pyx", line 1132, in sage.structure.coerce.CoercionModel.bin_op (build/cythonized/sage/structure/coerce.c:17042)
  File "sage/structure/coerce.pyx", line 1226, in sage.structure.coerce.CoercionModel.bin_op (build/cythonized/sage/structure/coerce.c:15879)
  File "sage/structure/coerce_actions.pyx", line 157, in sage.structure.coerce_actions.ActedUponAction._act_ (build/cythonized/sage/structure/coerce_actions.c:8616)
  File "sage/structure/element.pyx", line 940, in sage.structure.element.Element._acted_upon_ (build/cythonized/sage/structure/element.c:16473)
  File "/usr/lib/python3.12/site-packages/sage/schemes/elliptic_curves/ell_point.py", line 3856, in _acted_upon_
    raise ZeroDivisionError(
ZeroDivisionError: Inverse of 30126567747372029007183424263223733382328264316268541293679065617875255137317 does not exist (characteristic = 1846015660040154116831101677935731707303583319663256520946194832443059845383265967606382443176439867135351202904588407039443283680086981350429332914636635325121016081809085910600024068461413790906246868559 = 30126567747372029007183424263223733382328264316268541293679065617875255137317*61275339279270667367410917030598507475909771261892546916206936178509782210468851527549430774363700455365267937347366355035133027)
